<?xml version="1.0" encoding="UTF-8"?>
<!-- Generated by org.testng.reporters.JUnitReportReporter -->
<testsuite hostname="Chandrahas_24" failures="0" tests="3" name="com.tutorialninja.tests.ClassB" time="0.014" errors="0" timestamp="2024-08-18T14:36:35 IST" skipped="0">
  <testcase classname="com.tutorialninja.tests.ClassB" name="methodBThree" time="0.011"/>
  <testcase classname="com.tutorialninja.tests.ClassB" name="methodBFour" time="0.003"/>
  <testcase classname="com.tutorialninja.tests.ClassB" name="methodBFive" time="0.000"/>
</testsuite> <!-- com.tutorialninja.tests.ClassB -->
