<?xml version="1.0" encoding="UTF-8"?>
<!-- Generated by org.testng.reporters.JUnitReportReporter -->
<testsuite hostname="Chandrahas_24" failures="0" tests="2" name="com.tutorialninja.tests.SignupTests" time="6.517" errors="0" timestamp="2024-09-28T23:00:50 IST" skipped="0">
  <testcase classname="com.tutorialninja.tests.SignupTests" name="testInvalidSignup" time="3.506"/>
  <testcase classname="com.tutorialninja.tests.SignupTests" name="testValidSignup" time="3.011"/>
</testsuite> <!-- com.tutorialninja.tests.SignupTests -->
