<?xml version="1.0" encoding="UTF-8"?>
<!-- Generated by org.testng.reporters.JUnitReportReporter -->
<testsuite hostname="Chandrahas_24" failures="0" tests="7" name="Sample.Search" time="0.015" errors="0" timestamp="2024-09-07T20:02:04 IST" skipped="0">
  <testcase classname="Sample.Search" name="verifySearchWithExistingProduct" time="0.002"/>
  <testcase classname="Sample.Search" name="verifySearchWithNonExistingProduct" time="0.002"/>
  <testcase classname="Sample.Search" name="verifySearchWithOutProductName" time="0.003"/>
  <testcase classname="Sample.Search" name="verifySearchProductByCategory" time="0.002"/>
  <testcase classname="Sample.Search" name="verifySearchProductSubCategories" time="0.002"/>
  <testcase classname="Sample.Search" name="verifySearchInputTextFiledPlacholderText" time="0.002"/>
  <testcase classname="Sample.Search" name="verifyNaviagatingSearchPageUsingSiteMap" time="0.002"/>
</testsuite> <!-- Sample.Search -->
