<?xml version="1.0" encoding="UTF-8"?>
<!-- Generated by org.testng.reporters.JUnitReportReporter -->
<testsuite hostname="Chandrahas_24" failures="0" tests="2" name="com.tutorialninja.tests.LoginTests" time="0.027" errors="0" timestamp="2024-09-28T23:00:50 IST" skipped="0">
  <testcase classname="com.tutorialninja.tests.LoginTests" name="testValidLogin" time="0.005"/>
  <testcase classname="com.tutorialninja.tests.LoginTests" name="testInvalidLogin" time="0.022"/>
</testsuite> <!-- com.tutorialninja.tests.LoginTests -->
