<?xml version="1.0" encoding="UTF-8"?>
<!-- Generated by org.testng.reporters.JUnitReportReporter -->
<testsuite hostname="Chandrahas_24" failures="0" tests="5" name="com.tutorialninja.tests.DemoTest" time="0.024" errors="0" timestamp="2024-08-18T12:35:22 IST" skipped="0">
  <testcase classname="com.tutorialninja.tests.DemoTest" name="sampleOne" time="0.012"/>
  <testcase classname="com.tutorialninja.tests.DemoTest" name="sampleTwo" time="0.003"/>
  <testcase classname="com.tutorialninja.tests.DemoTest" name="sampleThree" time="0.002"/>
  <testcase classname="com.tutorialninja.tests.DemoTest" name="sampleFour" time="0.003"/>
  <testcase classname="com.tutorialninja.tests.DemoTest" name="sampleFive" time="0.004"/>
</testsuite> <!-- com.tutorialninja.tests.DemoTest -->
