<?xml version="1.0" encoding="UTF-8"?>
<!-- Generated by org.testng.reporters.JUnitReportReporter -->
<testsuite hostname="Chandrahas_24" failures="0" tests="6" name="com.tutorialninja.tests.Login" time="34.872" errors="0" timestamp="2024-09-28T18:31:13 IST" skipped="0">
  <testcase classname="com.tutorialninja.tests.Login" name="verifyLoginWithValidCredentials" time="18.520"/>
  <testcase classname="com.tutorialninja.tests.Login" name="verifyLoginWithInvalidCredentials" time="2.914"/>
  <testcase classname="com.tutorialninja.tests.Login" name="verifyLoginWithValidEmailAndInvalidPassword" time="2.848"/>
  <testcase classname="com.tutorialninja.tests.Login" name="verifyLoginWithInvalidEmailAndValidPassword" time="2.826"/>
  <testcase classname="com.tutorialninja.tests.Login" name="verifyLoginWithoutEmail" time="3.087"/>
  <testcase classname="com.tutorialninja.tests.Login" name="verifyLoginWithoutPassword" time="4.677"/>
</testsuite> <!-- com.tutorialninja.tests.Login -->
