<?xml version="1.0" encoding="UTF-8"?>
<!-- Generated by org.testng.reporters.JUnitReportReporter -->
<testsuite hostname="Chandrahas_24" failures="0" tests="4" name="com.tutorialninja.tests.ClassA" time="0.020" errors="0" timestamp="2024-08-18T14:30:54 IST" skipped="0">
  <testcase classname="com.tutorialninja.tests.ClassA" name="methodAOne" time="0.013"/>
  <testcase classname="com.tutorialninja.tests.ClassA" name="methodATwo" time="0.003"/>
  <testcase classname="com.tutorialninja.tests.ClassA" name="methodAFour" time="0.002"/>
  <testcase classname="com.tutorialninja.tests.ClassA" name="methodAFive" time="0.002"/>
</testsuite> <!-- com.tutorialninja.tests.ClassA -->
