<?xml version="1.0" encoding="UTF-8"?>
<!-- Generated by org.testng.reporters.JUnitReportReporter -->
<testsuite hostname="Chandrahas_24" failures="0" tests="5" name="com.tutorialninja.tests.ClassC" time="0.010" errors="0" timestamp="2024-08-22T00:20:39 IST" skipped="0">
  <testcase classname="com.tutorialninja.tests.ClassC" name="methodCOne" time="0.004"/>
  <testcase classname="com.tutorialninja.tests.ClassC" name="methodCTwo" time="0.002"/>
  <testcase classname="com.tutorialninja.tests.ClassC" name="methodCThree" time="0.002"/>
  <testcase classname="com.tutorialninja.tests.ClassC" name="methodCFour" time="0.001"/>
  <testcase classname="com.tutorialninja.tests.ClassC" name="methodCFive" time="0.001"/>
</testsuite> <!-- com.tutorialninja.tests.ClassC -->
