<?xml version="1.0" encoding="UTF-8"?>
<!-- Generated by org.testng.reporters.JUnitReportReporter -->
<testsuite hostname="Chandrahas_24" failures="0" tests="1" name="com.tutorialninja.tests.ConfigReader" time="0.010" errors="0" timestamp="2024-08-19T22:02:20 IST" skipped="0">
  <testcase classname="com.tutorialninja.tests.ConfigReader" name="ConfigReader" time="0.010"/>
</testsuite> <!-- com.tutorialninja.tests.ConfigReader -->
