<?xml version="1.0" encoding="UTF-8"?>
<!-- Generated by org.testng.reporters.JUnitReportReporter -->
<testsuite hostname="Chandrahas_24" failures="0" tests="6" name="com.tutorialninja.tests.OpenCartLogin" time="78.187" errors="0" timestamp="2024-09-28T18:28:05 IST" skipped="2">
  <testcase classname="com.tutorialninja.tests.OpenCartLogin" name="verifyUserLoginWithValidCrendentials" time="42.840"/>
  <testcase classname="com.tutorialninja.tests.OpenCartLogin" name="verifyUserLoginWithValidUserNameAndInvalidPassword" time="5.104"/>
  <testcase classname="com.tutorialninja.tests.OpenCartLogin" name="verifyUserLoginWithInvalidUserNameAndValidPassword" time="21.728"/>
  <testcase classname="com.tutorialninja.tests.OpenCartLogin" name="verifyUserLoginWithInvalidUserNameAndInValidPassword" time="8.515"/>
  <testcase classname="com.tutorialninja.tests.OpenCartLogin" name="verifyUserLoginWithOutGivingCrendentials">
    <skipped/>
  </testcase> <!-- verifyUserLoginWithOutGivingCrendentials -->
  <testcase classname="com.tutorialninja.tests.OpenCartLogin" name="verifyUserLoginWithOutGivingCrendentials">
    <skipped/>
  </testcase> <!-- verifyUserLoginWithOutGivingCrendentials -->
</testsuite> <!-- com.tutorialninja.tests.OpenCartLogin -->
